2024-06-23 13:23:09,603 - utils - INFO: файл перекодирован в список словарей
2024-06-23 13:23:09,616 - utils - INFO: Транзакции в списке отфильтрованы по датам от 2023-06-01 00:00:00 до 2023-06-21 00:00:00
2024-06-23 13:23:09,623 - utils - INFO: Транзакции в списке отфильтрованы по датам от 2023-05-01 00:00:00 до 2023-05-16 00:00:00
2024-06-23 13:23:09,631 - utils - INFO: Приветствие утра выполнено
2024-06-23 13:23:09,642 - utils - INFO: Приветствие дня выполнено
2024-06-23 13:23:09,648 - utils - INFO: Приветствие вечера выполнено
2024-06-23 13:23:09,655 - utils - INFO: Приветствие ночи выполнено
2024-06-23 13:23:09,663 - utils - INFO: кэшбек и суммы по картам посчитаны
2024-06-23 13:23:09,664 - utils - INFO: получен словарь по тратам и кешбеку по каждой карте
2024-06-23 13:23:09,669 - utils - INFO: кэшбек и суммы по картам посчитаны
2024-06-23 13:23:09,670 - utils - INFO: получен словарь по тратам и кешбеку по каждой карте
2024-06-23 13:23:09,674 - utils - INFO: кэшбек и суммы по картам посчитаны
2024-06-23 13:23:09,675 - utils - INFO: получен словарь по тратам и кешбеку по каждой карте
2024-06-23 13:23:09,681 - utils - INFO: кэшбек и суммы по картам посчитаны
2024-06-23 13:23:09,682 - utils - INFO: получен словарь по тратам и кешбеку по каждой карте
2024-06-23 13:23:09,685 - utils - INFO: кэшбек и суммы по картам посчитаны
2024-06-23 13:23:09,686 - utils - INFO: получен словарь по тратам и кешбеку по каждой карте
2024-06-23 13:23:09,690 - utils - INFO: Выделено топ 5 больших транзакций
2024-06-23 13:23:09,695 - utils - INFO: Выделено топ 5 больших транзакций
2024-06-23 13:23:09,701 - utils - INFO: Выделено топ 5 больших транзакций
2024-06-23 13:23:09,708 - utils - INFO: Выделено топ 5 больших транзакций
2024-06-23 13:23:09,714 - utils - INFO: Выделено топ 5 больших транзакций
2024-06-23 13:23:09,760 - utils - INFO: Выполнен запрос на курс валют
2024-06-23 13:23:09,760 - utils - INFO: Получен ответ от api курса валют: {'conversion_rates': {'RUB': 75.0}}
2024-06-23 13:23:09,764 - utils - INFO: Выполнен запрос на курс валют
2024-06-23 13:23:09,764 - utils - INFO: Получен ответ от api курса валют: {'conversion_rates': {'RUB': 90.0}}
2024-06-23 13:23:09,764 - utils - INFO: Курсы валют созданы
2024-06-23 13:23:09,778 - utils - INFO: Выполнен запрос на курс валют
2024-06-23 13:23:09,778 - utils - INFO: Получен ответ от api курса валют: {'conversion_rates': {'RUB': 75.0}}
2024-06-23 13:23:09,783 - utils - INFO: Выполнен запрос на курс валют
2024-06-23 13:23:09,784 - utils - ERROR: Ошибка api запроса 404, Not Found
2024-06-23 13:23:09,784 - utils - INFO: Курсы валют созданы
2024-06-23 13:23:09,797 - utils - INFO: Выполнен запрос на курс валют
2024-06-23 13:23:09,797 - utils - ERROR: Ошибка api запроса 500, Server Error
2024-06-23 13:23:09,800 - utils - INFO: Выполнен запрос на курс валют
2024-06-23 13:23:09,801 - utils - ERROR: Ошибка api запроса 500, Server Error
2024-06-23 13:23:09,801 - utils - INFO: Курсы валют созданы
2024-06-23 13:23:09,811 - utils - INFO: Выполнен запрос на курс акций
2024-06-23 13:23:09,812 - utils - INFO: Получен ответ от api курса акций: {'Time Series (Daily)': {'2023-06-19': {'4. close': '150.0'}}}
2024-06-23 13:23:09,815 - utils - INFO: Выполнен запрос на курс акций
2024-06-23 13:23:09,817 - utils - INFO: Получен ответ от api курса акций: {'Time Series (Daily)': {'2023-06-19': {'4. close': '3000.0'}}}
2024-06-23 13:23:09,817 - utils - INFO: Стоимость акций создана
2024-06-23 13:23:09,829 - utils - INFO: Выполнен запрос на курс акций
2024-06-23 13:23:09,830 - utils - INFO: Получен ответ от api курса акций: {'Time Series (Daily)': {'2023-06-19': {'4. close': '150.0'}}}
2024-06-23 13:23:09,833 - utils - INFO: Выполнен запрос на курс акций
2024-06-23 13:23:09,833 - utils - ERROR: Ошибка api запроса 404, Not Found
2024-06-23 13:23:09,834 - utils - INFO: Стоимость акций создана
2024-06-23 13:23:09,844 - utils - INFO: Выполнен запрос на курс акций
2024-06-23 13:23:09,845 - utils - ERROR: Ошибка api запроса 500, Server Error
2024-06-23 13:23:09,848 - utils - INFO: Выполнен запрос на курс акций
2024-06-23 13:23:09,848 - utils - ERROR: Ошибка api запроса 500, Server Error
2024-06-23 13:23:09,848 - utils - INFO: Стоимость акций создана
